<?xml version="1.0" encoding="UTF-8"?>
<!-- Generated by org.testng.reporters.JUnitReportReporter -->
<testsuite hostname="LAPTOP-VTCD8RLN" failures="0" tests="2" name="runners.CucumberRunner" time="18.089" errors="0" timestamp="2024-11-06T20:25:55 IST" skipped="0">
  <testcase classname="runners.CucumberRunner" name="runScenario" time="7.438"/>
  <testcase classname="runners.CucumberRunner" name="runScenario" time="10.651">
    <system-out>
      <![CDATA[Navigated to URL: https://www.saucedemo.com/
User logged in with username: standard_user
Clicked on 'Add to Cart' button
Item is added to cart]]>
    </system-out>
  </testcase> <!-- runScenario -->
  <system-out>
    <![CDATA[Navigated to URL: https://www.saucedemo.com/
User logged in with username: standard_user
Clicked on 'Add to Cart' button
Item is added to cart]]>
  </system-out>
</testsuite> <!-- runners.CucumberRunner -->
